2019-09-05 09:58:47.924  INFO 10176 --- [restartedMain] com.example.demo.DemoApplication         : Starting DemoApplication on Meows with PID 10176 (D:\SpringDemo\target\classes started by Msile in D:\SpringDemo)
2019-09-05 09:58:47.931  INFO 10176 --- [restartedMain] com.example.demo.DemoApplication         : No active profile set, falling back to default profiles: default
2019-09-05 09:58:48.006  INFO 10176 --- [restartedMain] .e.DevToolsPropertyDefaultsPostProcessor : Devtools property defaults active! Set 'spring.devtools.add-properties' to 'false' to disable
2019-09-05 09:58:48.007  INFO 10176 --- [restartedMain] .e.DevToolsPropertyDefaultsPostProcessor : For additional web related logging consider setting the 'logging.level.web' property to 'DEBUG'
2019-09-05 09:58:49.948  INFO 10176 --- [restartedMain] o.s.b.w.embedded.tomcat.TomcatWebServer  : Tomcat initialized with port(s): 8080 (http)
2019-09-05 09:58:49.982  INFO 10176 --- [restartedMain] o.apache.catalina.core.StandardService   : Starting service [Tomcat]
2019-09-05 09:58:49.982  INFO 10176 --- [restartedMain] org.apache.catalina.core.StandardEngine  : Starting Servlet engine: [Apache Tomcat/9.0.21]
2019-09-05 09:58:50.140  INFO 10176 --- [restartedMain] o.a.c.c.C.[Tomcat].[localhost].[/]       : Initializing Spring embedded WebApplicationContext
2019-09-05 09:58:50.141  INFO 10176 --- [restartedMain] o.s.web.context.ContextLoader            : Root WebApplicationContext: initialization completed in 2134 ms
2019-09-05 09:58:52.329  INFO 10176 --- [restartedMain] o.s.s.concurrent.ThreadPoolTaskExecutor  : Initializing ExecutorService 'applicationTaskExecutor'
2019-09-05 09:58:52.722  INFO 10176 --- [restartedMain] o.s.b.a.w.s.WelcomePageHandlerMapping    : Adding welcome page template: index
2019-09-05 09:58:54.041  INFO 10176 --- [restartedMain] o.s.b.d.a.OptionalLiveReloadServer       : LiveReload server is running on port 35729
2019-09-05 09:58:54.536  INFO 10176 --- [restartedMain] o.s.b.w.embedded.tomcat.TomcatWebServer  : Tomcat started on port(s): 8080 (http) with context path ''
2019-09-05 09:58:54.542  INFO 10176 --- [restartedMain] com.example.demo.DemoApplication         : Started DemoApplication in 7.089 seconds (JVM running for 11.942)
2019-09-05 09:59:12.031  INFO 26868 --- [restartedMain] com.example.demo.DemoApplication         : Starting DemoApplication on Meows with PID 26868 (D:\SpringDemo\target\classes started by Msile in D:\SpringDemo)
2019-09-05 09:59:12.035  INFO 26868 --- [restartedMain] com.example.demo.DemoApplication         : No active profile set, falling back to default profiles: default
2019-09-05 09:59:12.086  INFO 26868 --- [restartedMain] .e.DevToolsPropertyDefaultsPostProcessor : Devtools property defaults active! Set 'spring.devtools.add-properties' to 'false' to disable
2019-09-05 09:59:12.086  INFO 26868 --- [restartedMain] .e.DevToolsPropertyDefaultsPostProcessor : For additional web related logging consider setting the 'logging.level.web' property to 'DEBUG'
2019-09-05 09:59:14.150  INFO 26868 --- [restartedMain] o.s.b.w.embedded.tomcat.TomcatWebServer  : Tomcat initialized with port(s): 8080 (http)
2019-09-05 09:59:14.184  INFO 26868 --- [restartedMain] o.apache.catalina.core.StandardService   : Starting service [Tomcat]
2019-09-05 09:59:14.185  INFO 26868 --- [restartedMain] org.apache.catalina.core.StandardEngine  : Starting Servlet engine: [Apache Tomcat/9.0.21]
2019-09-05 09:59:14.472  INFO 26868 --- [restartedMain] o.a.c.c.C.[Tomcat].[localhost].[/]       : Initializing Spring embedded WebApplicationContext
2019-09-05 09:59:14.472  INFO 26868 --- [restartedMain] o.s.web.context.ContextLoader            : Root WebApplicationContext: initialization completed in 2386 ms
2019-09-05 09:59:15.365  INFO 26868 --- [restartedMain] o.s.s.concurrent.ThreadPoolTaskExecutor  : Initializing ExecutorService 'applicationTaskExecutor'
2019-09-05 09:59:15.511  INFO 26868 --- [restartedMain] o.s.b.a.w.s.WelcomePageHandlerMapping    : Adding welcome page template: index
2019-09-05 09:59:15.820  INFO 26868 --- [restartedMain] o.s.b.d.a.OptionalLiveReloadServer       : LiveReload server is running on port 35729
2019-09-05 09:59:15.891  INFO 26868 --- [restartedMain] o.s.b.w.embedded.tomcat.TomcatWebServer  : Tomcat started on port(s): 8080 (http) with context path ''
2019-09-05 09:59:15.896  INFO 26868 --- [restartedMain] com.example.demo.DemoApplication         : Started DemoApplication in 4.17 seconds (JVM running for 6.011)
2019-09-05 09:59:22.179  INFO 26868 --- [http-nio-8080-exec-1] o.a.c.c.C.[Tomcat].[localhost].[/]       : Initializing Spring DispatcherServlet 'dispatcherServlet'
2019-09-05 09:59:22.180  INFO 26868 --- [http-nio-8080-exec-1] o.s.web.servlet.DispatcherServlet        : Initializing Servlet 'dispatcherServlet'
2019-09-05 09:59:22.190  INFO 26868 --- [http-nio-8080-exec-1] o.s.web.servlet.DispatcherServlet        : Completed initialization in 10 ms
2019-09-05 09:59:22.268  INFO 26868 --- [http-nio-8080-exec-1] com.zaxxer.hikari.HikariDataSource       : HikariPool-1 - Starting...
2019-09-05 09:59:22.695  INFO 26868 --- [http-nio-8080-exec-1] com.zaxxer.hikari.HikariDataSource       : HikariPool-1 - Start completed.
2019-09-05 09:59:22.703 DEBUG 26868 --- [http-nio-8080-exec-1] c.e.d.m.ExtQuestionMapper.countBySearch  : ==>  Preparing: select count(*) from question 
2019-09-05 09:59:22.729 DEBUG 26868 --- [http-nio-8080-exec-1] c.e.d.m.ExtQuestionMapper.countBySearch  : ==> Parameters: 
2019-09-05 09:59:22.759 DEBUG 26868 --- [http-nio-8080-exec-1] c.e.d.m.ExtQuestionMapper.countBySearch  : <==      Total: 1
2019-09-05 09:59:22.763 DEBUG 26868 --- [http-nio-8080-exec-1] c.e.d.m.E.selectBySearch                 : ==>  Preparing: select * from question order by gmt_create desc limit ?,? 
2019-09-05 09:59:22.764 DEBUG 26868 --- [http-nio-8080-exec-1] c.e.d.m.E.selectBySearch                 : ==> Parameters: 0(Integer), 5(Integer)
2019-09-05 09:59:22.773 DEBUG 26868 --- [http-nio-8080-exec-1] c.e.d.m.E.selectBySearch                 : <==      Total: 5
2019-09-05 09:59:22.774 DEBUG 26868 --- [http-nio-8080-exec-1] c.e.d.m.UserMapper.selectByPrimaryKey    : ==>  Preparing: select id, account_id, name, token, gmt_create, gmt_modified, avatar_url from user where id = ? 
2019-09-05 09:59:22.775 DEBUG 26868 --- [http-nio-8080-exec-1] c.e.d.m.UserMapper.selectByPrimaryKey    : ==> Parameters: 28(Long)
2019-09-05 09:59:22.780 DEBUG 26868 --- [http-nio-8080-exec-1] c.e.d.m.UserMapper.selectByPrimaryKey    : <==      Total: 1
2019-09-05 09:59:22.784 DEBUG 26868 --- [http-nio-8080-exec-1] c.e.d.m.UserMapper.selectByPrimaryKey    : ==>  Preparing: select id, account_id, name, token, gmt_create, gmt_modified, avatar_url from user where id = ? 
2019-09-05 09:59:22.785 DEBUG 26868 --- [http-nio-8080-exec-1] c.e.d.m.UserMapper.selectByPrimaryKey    : ==> Parameters: 28(Long)
2019-09-05 09:59:22.787 DEBUG 26868 --- [http-nio-8080-exec-1] c.e.d.m.UserMapper.selectByPrimaryKey    : <==      Total: 1
2019-09-05 09:59:22.787 DEBUG 26868 --- [http-nio-8080-exec-1] c.e.d.m.UserMapper.selectByPrimaryKey    : ==>  Preparing: select id, account_id, name, token, gmt_create, gmt_modified, avatar_url from user where id = ? 
2019-09-05 09:59:22.788 DEBUG 26868 --- [http-nio-8080-exec-1] c.e.d.m.UserMapper.selectByPrimaryKey    : ==> Parameters: 28(Long)
2019-09-05 09:59:22.789 DEBUG 26868 --- [http-nio-8080-exec-1] c.e.d.m.UserMapper.selectByPrimaryKey    : <==      Total: 1
2019-09-05 09:59:22.790 DEBUG 26868 --- [http-nio-8080-exec-1] c.e.d.m.UserMapper.selectByPrimaryKey    : ==>  Preparing: select id, account_id, name, token, gmt_create, gmt_modified, avatar_url from user where id = ? 
2019-09-05 09:59:22.790 DEBUG 26868 --- [http-nio-8080-exec-1] c.e.d.m.UserMapper.selectByPrimaryKey    : ==> Parameters: 28(Long)
2019-09-05 09:59:22.792 DEBUG 26868 --- [http-nio-8080-exec-1] c.e.d.m.UserMapper.selectByPrimaryKey    : <==      Total: 1
2019-09-05 09:59:22.792 DEBUG 26868 --- [http-nio-8080-exec-1] c.e.d.m.UserMapper.selectByPrimaryKey    : ==>  Preparing: select id, account_id, name, token, gmt_create, gmt_modified, avatar_url from user where id = ? 
2019-09-05 09:59:22.793 DEBUG 26868 --- [http-nio-8080-exec-1] c.e.d.m.UserMapper.selectByPrimaryKey    : ==> Parameters: 28(Long)
2019-09-05 09:59:22.794 DEBUG 26868 --- [http-nio-8080-exec-1] c.e.d.m.UserMapper.selectByPrimaryKey    : <==      Total: 1
2019-09-05 10:00:10.423 DEBUG 26868 --- [http-nio-8080-exec-8] c.e.d.m.ExtQuestionMapper.countBySearch  : ==>  Preparing: select count(*) from question 
2019-09-05 10:00:10.423 DEBUG 26868 --- [http-nio-8080-exec-8] c.e.d.m.ExtQuestionMapper.countBySearch  : ==> Parameters: 
2019-09-05 10:00:10.430 DEBUG 26868 --- [http-nio-8080-exec-8] c.e.d.m.ExtQuestionMapper.countBySearch  : <==      Total: 1
2019-09-05 10:00:10.431 DEBUG 26868 --- [http-nio-8080-exec-8] c.e.d.m.E.selectBySearch                 : ==>  Preparing: select * from question order by gmt_create desc limit ?,? 
2019-09-05 10:00:10.431 DEBUG 26868 --- [http-nio-8080-exec-8] c.e.d.m.E.selectBySearch                 : ==> Parameters: 0(Integer), 5(Integer)
2019-09-05 10:00:10.435 DEBUG 26868 --- [http-nio-8080-exec-8] c.e.d.m.E.selectBySearch                 : <==      Total: 5
2019-09-05 10:00:10.436 DEBUG 26868 --- [http-nio-8080-exec-8] c.e.d.m.UserMapper.selectByPrimaryKey    : ==>  Preparing: select id, account_id, name, token, gmt_create, gmt_modified, avatar_url from user where id = ? 
2019-09-05 10:00:10.436 DEBUG 26868 --- [http-nio-8080-exec-8] c.e.d.m.UserMapper.selectByPrimaryKey    : ==> Parameters: 28(Long)
2019-09-05 10:00:10.438 DEBUG 26868 --- [http-nio-8080-exec-8] c.e.d.m.UserMapper.selectByPrimaryKey    : <==      Total: 1
2019-09-05 10:00:10.438 DEBUG 26868 --- [http-nio-8080-exec-8] c.e.d.m.UserMapper.selectByPrimaryKey    : ==>  Preparing: select id, account_id, name, token, gmt_create, gmt_modified, avatar_url from user where id = ? 
2019-09-05 10:00:10.439 DEBUG 26868 --- [http-nio-8080-exec-8] c.e.d.m.UserMapper.selectByPrimaryKey    : ==> Parameters: 28(Long)
2019-09-05 10:00:10.440 DEBUG 26868 --- [http-nio-8080-exec-8] c.e.d.m.UserMapper.selectByPrimaryKey    : <==      Total: 1
2019-09-05 10:00:10.441 DEBUG 26868 --- [http-nio-8080-exec-8] c.e.d.m.UserMapper.selectByPrimaryKey    : ==>  Preparing: select id, account_id, name, token, gmt_create, gmt_modified, avatar_url from user where id = ? 
2019-09-05 10:00:10.441 DEBUG 26868 --- [http-nio-8080-exec-8] c.e.d.m.UserMapper.selectByPrimaryKey    : ==> Parameters: 28(Long)
2019-09-05 10:00:10.443 DEBUG 26868 --- [http-nio-8080-exec-8] c.e.d.m.UserMapper.selectByPrimaryKey    : <==      Total: 1
2019-09-05 10:00:10.443 DEBUG 26868 --- [http-nio-8080-exec-8] c.e.d.m.UserMapper.selectByPrimaryKey    : ==>  Preparing: select id, account_id, name, token, gmt_create, gmt_modified, avatar_url from user where id = ? 
2019-09-05 10:00:10.444 DEBUG 26868 --- [http-nio-8080-exec-8] c.e.d.m.UserMapper.selectByPrimaryKey    : ==> Parameters: 28(Long)
2019-09-05 10:00:10.445 DEBUG 26868 --- [http-nio-8080-exec-8] c.e.d.m.UserMapper.selectByPrimaryKey    : <==      Total: 1
2019-09-05 10:00:10.446 DEBUG 26868 --- [http-nio-8080-exec-8] c.e.d.m.UserMapper.selectByPrimaryKey    : ==>  Preparing: select id, account_id, name, token, gmt_create, gmt_modified, avatar_url from user where id = ? 
2019-09-05 10:00:10.446 DEBUG 26868 --- [http-nio-8080-exec-8] c.e.d.m.UserMapper.selectByPrimaryKey    : ==> Parameters: 28(Long)
2019-09-05 10:00:10.447 DEBUG 26868 --- [http-nio-8080-exec-8] c.e.d.m.UserMapper.selectByPrimaryKey    : <==      Total: 1
2019-09-05 10:01:00.357 DEBUG 26868 --- [http-nio-8080-exec-7] c.e.d.m.ExtQuestionMapper.countBySearch  : ==>  Preparing: select count(*) from question 
2019-09-05 10:01:00.357 DEBUG 26868 --- [http-nio-8080-exec-7] c.e.d.m.ExtQuestionMapper.countBySearch  : ==> Parameters: 
2019-09-05 10:01:00.360 DEBUG 26868 --- [http-nio-8080-exec-7] c.e.d.m.ExtQuestionMapper.countBySearch  : <==      Total: 1
2019-09-05 10:01:00.362 DEBUG 26868 --- [http-nio-8080-exec-7] c.e.d.m.E.selectBySearch                 : ==>  Preparing: select * from question order by gmt_create desc limit ?,? 
2019-09-05 10:01:00.363 DEBUG 26868 --- [http-nio-8080-exec-7] c.e.d.m.E.selectBySearch                 : ==> Parameters: 0(Integer), 5(Integer)
2019-09-05 10:01:00.368 DEBUG 26868 --- [http-nio-8080-exec-7] c.e.d.m.E.selectBySearch                 : <==      Total: 5
2019-09-05 10:01:00.370 DEBUG 26868 --- [http-nio-8080-exec-7] c.e.d.m.UserMapper.selectByPrimaryKey    : ==>  Preparing: select id, account_id, name, token, gmt_create, gmt_modified, avatar_url from user where id = ? 
2019-09-05 10:01:00.370 DEBUG 26868 --- [http-nio-8080-exec-7] c.e.d.m.UserMapper.selectByPrimaryKey    : ==> Parameters: 28(Long)
2019-09-05 10:01:00.371 DEBUG 26868 --- [http-nio-8080-exec-7] c.e.d.m.UserMapper.selectByPrimaryKey    : <==      Total: 1
2019-09-05 10:01:00.372 DEBUG 26868 --- [http-nio-8080-exec-7] c.e.d.m.UserMapper.selectByPrimaryKey    : ==>  Preparing: select id, account_id, name, token, gmt_create, gmt_modified, avatar_url from user where id = ? 
2019-09-05 10:01:00.374 DEBUG 26868 --- [http-nio-8080-exec-7] c.e.d.m.UserMapper.selectByPrimaryKey    : ==> Parameters: 28(Long)
2019-09-05 10:01:00.375 DEBUG 26868 --- [http-nio-8080-exec-7] c.e.d.m.UserMapper.selectByPrimaryKey    : <==      Total: 1
2019-09-05 10:01:00.376 DEBUG 26868 --- [http-nio-8080-exec-7] c.e.d.m.UserMapper.selectByPrimaryKey    : ==>  Preparing: select id, account_id, name, token, gmt_create, gmt_modified, avatar_url from user where id = ? 
2019-09-05 10:01:00.377 DEBUG 26868 --- [http-nio-8080-exec-7] c.e.d.m.UserMapper.selectByPrimaryKey    : ==> Parameters: 28(Long)
2019-09-05 10:01:00.378 DEBUG 26868 --- [http-nio-8080-exec-7] c.e.d.m.UserMapper.selectByPrimaryKey    : <==      Total: 1
2019-09-05 10:01:00.378 DEBUG 26868 --- [http-nio-8080-exec-7] c.e.d.m.UserMapper.selectByPrimaryKey    : ==>  Preparing: select id, account_id, name, token, gmt_create, gmt_modified, avatar_url from user where id = ? 
2019-09-05 10:01:00.379 DEBUG 26868 --- [http-nio-8080-exec-7] c.e.d.m.UserMapper.selectByPrimaryKey    : ==> Parameters: 28(Long)
2019-09-05 10:01:00.380 DEBUG 26868 --- [http-nio-8080-exec-7] c.e.d.m.UserMapper.selectByPrimaryKey    : <==      Total: 1
2019-09-05 10:01:00.381 DEBUG 26868 --- [http-nio-8080-exec-7] c.e.d.m.UserMapper.selectByPrimaryKey    : ==>  Preparing: select id, account_id, name, token, gmt_create, gmt_modified, avatar_url from user where id = ? 
2019-09-05 10:01:00.381 DEBUG 26868 --- [http-nio-8080-exec-7] c.e.d.m.UserMapper.selectByPrimaryKey    : ==> Parameters: 28(Long)
2019-09-05 10:01:00.383 DEBUG 26868 --- [http-nio-8080-exec-7] c.e.d.m.UserMapper.selectByPrimaryKey    : <==      Total: 1
2019-09-05 10:02:44.175  INFO 34844 --- [restartedMain] com.example.demo.DemoApplication         : Starting DemoApplication on Meows with PID 34844 (D:\SpringDemo\target\classes started by Msile in D:\SpringDemo)
2019-09-05 10:02:44.182  INFO 34844 --- [restartedMain] com.example.demo.DemoApplication         : No active profile set, falling back to default profiles: default
2019-09-05 10:02:44.231  INFO 34844 --- [restartedMain] .e.DevToolsPropertyDefaultsPostProcessor : Devtools property defaults active! Set 'spring.devtools.add-properties' to 'false' to disable
2019-09-05 10:02:44.231  INFO 34844 --- [restartedMain] .e.DevToolsPropertyDefaultsPostProcessor : For additional web related logging consider setting the 'logging.level.web' property to 'DEBUG'
2019-09-05 10:02:46.194  INFO 34844 --- [restartedMain] o.s.b.w.embedded.tomcat.TomcatWebServer  : Tomcat initialized with port(s): 8080 (http)
2019-09-05 10:02:46.222  INFO 34844 --- [restartedMain] o.apache.catalina.core.StandardService   : Starting service [Tomcat]
2019-09-05 10:02:46.222  INFO 34844 --- [restartedMain] org.apache.catalina.core.StandardEngine  : Starting Servlet engine: [Apache Tomcat/9.0.21]
2019-09-05 10:02:46.376  INFO 34844 --- [restartedMain] o.a.c.c.C.[Tomcat].[localhost].[/]       : Initializing Spring embedded WebApplicationContext
2019-09-05 10:02:46.376  INFO 34844 --- [restartedMain] o.s.web.context.ContextLoader            : Root WebApplicationContext: initialization completed in 2145 ms
2019-09-05 10:02:46.986  INFO 34844 --- [restartedMain] o.s.s.concurrent.ThreadPoolTaskExecutor  : Initializing ExecutorService 'applicationTaskExecutor'
2019-09-05 10:02:47.143  INFO 34844 --- [restartedMain] o.s.b.a.w.s.WelcomePageHandlerMapping    : Adding welcome page template: index
2019-09-05 10:02:47.430  INFO 34844 --- [restartedMain] o.s.b.d.a.OptionalLiveReloadServer       : LiveReload server is running on port 35729
2019-09-05 10:02:47.484  INFO 34844 --- [restartedMain] o.s.b.w.embedded.tomcat.TomcatWebServer  : Tomcat started on port(s): 8080 (http) with context path ''
2019-09-05 10:02:47.488  INFO 34844 --- [restartedMain] com.example.demo.DemoApplication         : Started DemoApplication in 3.767 seconds (JVM running for 6.378)
2019-09-05 10:02:57.486  INFO 34844 --- [http-nio-8080-exec-1] o.a.c.c.C.[Tomcat].[localhost].[/]       : Initializing Spring DispatcherServlet 'dispatcherServlet'
2019-09-05 10:02:57.487  INFO 34844 --- [http-nio-8080-exec-1] o.s.web.servlet.DispatcherServlet        : Initializing Servlet 'dispatcherServlet'
2019-09-05 10:02:57.495  INFO 34844 --- [http-nio-8080-exec-1] o.s.web.servlet.DispatcherServlet        : Completed initialization in 8 ms
2019-09-05 10:02:57.571  INFO 34844 --- [http-nio-8080-exec-1] com.zaxxer.hikari.HikariDataSource       : HikariPool-1 - Starting...
2019-09-05 10:02:57.873  INFO 34844 --- [http-nio-8080-exec-1] com.zaxxer.hikari.HikariDataSource       : HikariPool-1 - Start completed.
2019-09-05 10:02:57.913 DEBUG 34844 --- [http-nio-8080-exec-1] c.e.d.m.ExtQuestionMapper.countBySearch  : ==>  Preparing: select count(*) from question 
2019-09-05 10:02:57.954 DEBUG 34844 --- [http-nio-8080-exec-1] c.e.d.m.ExtQuestionMapper.countBySearch  : ==> Parameters: 
2019-09-05 10:02:58.035 DEBUG 34844 --- [http-nio-8080-exec-1] c.e.d.m.ExtQuestionMapper.countBySearch  : <==      Total: 1
2019-09-05 10:02:58.039 DEBUG 34844 --- [http-nio-8080-exec-1] c.e.d.m.E.selectBySearch                 : ==>  Preparing: select * from question order by gmt_create desc limit ?,? 
2019-09-05 10:02:58.040 DEBUG 34844 --- [http-nio-8080-exec-1] c.e.d.m.E.selectBySearch                 : ==> Parameters: 0(Integer), 5(Integer)
2019-09-05 10:02:58.047 DEBUG 34844 --- [http-nio-8080-exec-1] c.e.d.m.E.selectBySearch                 : <==      Total: 5
2019-09-05 10:02:58.048 DEBUG 34844 --- [http-nio-8080-exec-1] c.e.d.m.UserMapper.selectByPrimaryKey    : ==>  Preparing: select id, account_id, name, token, gmt_create, gmt_modified, avatar_url from user where id = ? 
2019-09-05 10:02:58.048 DEBUG 34844 --- [http-nio-8080-exec-1] c.e.d.m.UserMapper.selectByPrimaryKey    : ==> Parameters: 28(Long)
2019-09-05 10:02:58.050 DEBUG 34844 --- [http-nio-8080-exec-1] c.e.d.m.UserMapper.selectByPrimaryKey    : <==      Total: 1
2019-09-05 10:02:58.056 DEBUG 34844 --- [http-nio-8080-exec-1] c.e.d.m.UserMapper.selectByPrimaryKey    : ==>  Preparing: select id, account_id, name, token, gmt_create, gmt_modified, avatar_url from user where id = ? 
2019-09-05 10:02:58.056 DEBUG 34844 --- [http-nio-8080-exec-1] c.e.d.m.UserMapper.selectByPrimaryKey    : ==> Parameters: 28(Long)
2019-09-05 10:02:58.057 DEBUG 34844 --- [http-nio-8080-exec-1] c.e.d.m.UserMapper.selectByPrimaryKey    : <==      Total: 1
2019-09-05 10:02:58.058 DEBUG 34844 --- [http-nio-8080-exec-1] c.e.d.m.UserMapper.selectByPrimaryKey    : ==>  Preparing: select id, account_id, name, token, gmt_create, gmt_modified, avatar_url from user where id = ? 
2019-09-05 10:02:58.059 DEBUG 34844 --- [http-nio-8080-exec-1] c.e.d.m.UserMapper.selectByPrimaryKey    : ==> Parameters: 28(Long)
2019-09-05 10:02:58.061 DEBUG 34844 --- [http-nio-8080-exec-1] c.e.d.m.UserMapper.selectByPrimaryKey    : <==      Total: 1
2019-09-05 10:02:58.062 DEBUG 34844 --- [http-nio-8080-exec-1] c.e.d.m.UserMapper.selectByPrimaryKey    : ==>  Preparing: select id, account_id, name, token, gmt_create, gmt_modified, avatar_url from user where id = ? 
2019-09-05 10:02:58.062 DEBUG 34844 --- [http-nio-8080-exec-1] c.e.d.m.UserMapper.selectByPrimaryKey    : ==> Parameters: 28(Long)
2019-09-05 10:02:58.064 DEBUG 34844 --- [http-nio-8080-exec-1] c.e.d.m.UserMapper.selectByPrimaryKey    : <==      Total: 1
2019-09-05 10:02:58.065 DEBUG 34844 --- [http-nio-8080-exec-1] c.e.d.m.UserMapper.selectByPrimaryKey    : ==>  Preparing: select id, account_id, name, token, gmt_create, gmt_modified, avatar_url from user where id = ? 
2019-09-05 10:02:58.065 DEBUG 34844 --- [http-nio-8080-exec-1] c.e.d.m.UserMapper.selectByPrimaryKey    : ==> Parameters: 28(Long)
2019-09-05 10:02:58.067 DEBUG 34844 --- [http-nio-8080-exec-1] c.e.d.m.UserMapper.selectByPrimaryKey    : <==      Total: 1
2019-09-05 10:03:18.346 DEBUG 34844 --- [http-nio-8080-exec-8] c.e.d.m.ExtQuestionMapper.countBySearch  : ==>  Preparing: select count(*) from question 
2019-09-05 10:03:18.346 DEBUG 34844 --- [http-nio-8080-exec-8] c.e.d.m.ExtQuestionMapper.countBySearch  : ==> Parameters: 
2019-09-05 10:03:18.350 DEBUG 34844 --- [http-nio-8080-exec-8] c.e.d.m.ExtQuestionMapper.countBySearch  : <==      Total: 1
2019-09-05 10:03:18.351 DEBUG 34844 --- [http-nio-8080-exec-8] c.e.d.m.E.selectBySearch                 : ==>  Preparing: select * from question order by gmt_create desc limit ?,? 
2019-09-05 10:03:18.352 DEBUG 34844 --- [http-nio-8080-exec-8] c.e.d.m.E.selectBySearch                 : ==> Parameters: 0(Integer), 5(Integer)
2019-09-05 10:03:18.355 DEBUG 34844 --- [http-nio-8080-exec-8] c.e.d.m.E.selectBySearch                 : <==      Total: 5
2019-09-05 10:03:18.357 DEBUG 34844 --- [http-nio-8080-exec-8] c.e.d.m.UserMapper.selectByPrimaryKey    : ==>  Preparing: select id, account_id, name, token, gmt_create, gmt_modified, avatar_url from user where id = ? 
2019-09-05 10:03:18.357 DEBUG 34844 --- [http-nio-8080-exec-8] c.e.d.m.UserMapper.selectByPrimaryKey    : ==> Parameters: 28(Long)
2019-09-05 10:03:18.359 DEBUG 34844 --- [http-nio-8080-exec-8] c.e.d.m.UserMapper.selectByPrimaryKey    : <==      Total: 1
2019-09-05 10:03:18.360 DEBUG 34844 --- [http-nio-8080-exec-8] c.e.d.m.UserMapper.selectByPrimaryKey    : ==>  Preparing: select id, account_id, name, token, gmt_create, gmt_modified, avatar_url from user where id = ? 
2019-09-05 10:03:18.360 DEBUG 34844 --- [http-nio-8080-exec-8] c.e.d.m.UserMapper.selectByPrimaryKey    : ==> Parameters: 28(Long)
2019-09-05 10:03:18.364 DEBUG 34844 --- [http-nio-8080-exec-8] c.e.d.m.UserMapper.selectByPrimaryKey    : <==      Total: 1
2019-09-05 10:03:18.365 DEBUG 34844 --- [http-nio-8080-exec-8] c.e.d.m.UserMapper.selectByPrimaryKey    : ==>  Preparing: select id, account_id, name, token, gmt_create, gmt_modified, avatar_url from user where id = ? 
2019-09-05 10:03:18.365 DEBUG 34844 --- [http-nio-8080-exec-8] c.e.d.m.UserMapper.selectByPrimaryKey    : ==> Parameters: 28(Long)
2019-09-05 10:03:18.366 DEBUG 34844 --- [http-nio-8080-exec-8] c.e.d.m.UserMapper.selectByPrimaryKey    : <==      Total: 1
2019-09-05 10:03:18.367 DEBUG 34844 --- [http-nio-8080-exec-8] c.e.d.m.UserMapper.selectByPrimaryKey    : ==>  Preparing: select id, account_id, name, token, gmt_create, gmt_modified, avatar_url from user where id = ? 
2019-09-05 10:03:18.367 DEBUG 34844 --- [http-nio-8080-exec-8] c.e.d.m.UserMapper.selectByPrimaryKey    : ==> Parameters: 28(Long)
2019-09-05 10:03:18.368 DEBUG 34844 --- [http-nio-8080-exec-8] c.e.d.m.UserMapper.selectByPrimaryKey    : <==      Total: 1
2019-09-05 10:03:18.369 DEBUG 34844 --- [http-nio-8080-exec-8] c.e.d.m.UserMapper.selectByPrimaryKey    : ==>  Preparing: select id, account_id, name, token, gmt_create, gmt_modified, avatar_url from user where id = ? 
2019-09-05 10:03:18.369 DEBUG 34844 --- [http-nio-8080-exec-8] c.e.d.m.UserMapper.selectByPrimaryKey    : ==> Parameters: 28(Long)
2019-09-05 10:03:18.371 DEBUG 34844 --- [http-nio-8080-exec-8] c.e.d.m.UserMapper.selectByPrimaryKey    : <==      Total: 1
2019-09-05 10:03:23.146 DEBUG 34844 --- [http-nio-8080-exec-6] c.e.d.mapper.UserMapper.selectByExample  : ==>  Preparing: select id, account_id, name, token, gmt_create, gmt_modified, avatar_url from user WHERE ( account_id = ? ) 
2019-09-05 10:03:23.146 DEBUG 34844 --- [http-nio-8080-exec-6] c.e.d.mapper.UserMapper.selectByExample  : ==> Parameters: 31695044(String)
2019-09-05 10:03:23.148 DEBUG 34844 --- [http-nio-8080-exec-6] c.e.d.mapper.UserMapper.selectByExample  : <==      Total: 1
2019-09-05 10:03:23.152 DEBUG 34844 --- [http-nio-8080-exec-6] c.e.d.m.U.updateByExampleSelective       : ==>  Preparing: update user SET name = ?, token = ?, gmt_modified = ?, avatar_url = ? WHERE ( id = ? ) 
2019-09-05 10:03:23.153 DEBUG 34844 --- [http-nio-8080-exec-6] c.e.d.m.U.updateByExampleSelective       : ==> Parameters: Harry Ma(String), 748bc8b1-f232-4a09-8baa-b56fd5ca5199(String), 1567649003149(Long), https://avatars2.githubusercontent.com/u/31695044?v=4(String), 28(Long)
2019-09-05 10:03:23.167 DEBUG 34844 --- [http-nio-8080-exec-6] c.e.d.m.U.updateByExampleSelective       : <==    Updates: 1
2019-09-05 10:03:23.179 DEBUG 34844 --- [http-nio-8080-exec-7] c.e.d.mapper.UserMapper.selectByExample  : ==>  Preparing: select id, account_id, name, token, gmt_create, gmt_modified, avatar_url from user WHERE ( token = ? ) 
2019-09-05 10:03:23.179 DEBUG 34844 --- [http-nio-8080-exec-7] c.e.d.mapper.UserMapper.selectByExample  : ==> Parameters: 748bc8b1-f232-4a09-8baa-b56fd5ca5199(String)
2019-09-05 10:03:23.181 DEBUG 34844 --- [http-nio-8080-exec-7] c.e.d.mapper.UserMapper.selectByExample  : <==      Total: 1
2019-09-05 10:03:23.860  WARN 34844 --- [http-nio-8080-exec-7] o.a.c.util.SessionIdGeneratorBase        : Creation of SecureRandom instance for session ID generation using [SHA1PRNG] took [673] milliseconds.
2019-09-05 10:03:23.864 DEBUG 34844 --- [http-nio-8080-exec-7] c.e.d.m.N.countByExample                 : ==>  Preparing: select count(*) from notification WHERE ( receiver = ? and status = ? ) 
2019-09-05 10:03:23.864 DEBUG 34844 --- [http-nio-8080-exec-7] c.e.d.m.N.countByExample                 : ==> Parameters: 28(Long), 0(Integer)
2019-09-05 10:03:23.867 DEBUG 34844 --- [http-nio-8080-exec-7] c.e.d.m.N.countByExample                 : <==      Total: 1
2019-09-05 10:03:23.868 DEBUG 34844 --- [http-nio-8080-exec-7] c.e.d.m.ExtQuestionMapper.countBySearch  : ==>  Preparing: select count(*) from question 
2019-09-05 10:03:23.869 DEBUG 34844 --- [http-nio-8080-exec-7] c.e.d.m.ExtQuestionMapper.countBySearch  : ==> Parameters: 
2019-09-05 10:03:23.870 DEBUG 34844 --- [http-nio-8080-exec-7] c.e.d.m.ExtQuestionMapper.countBySearch  : <==      Total: 1
2019-09-05 10:03:23.871 DEBUG 34844 --- [http-nio-8080-exec-7] c.e.d.m.E.selectBySearch                 : ==>  Preparing: select * from question order by gmt_create desc limit ?,? 
2019-09-05 10:03:23.872 DEBUG 34844 --- [http-nio-8080-exec-7] c.e.d.m.E.selectBySearch                 : ==> Parameters: 0(Integer), 5(Integer)
2019-09-05 10:03:23.875 DEBUG 34844 --- [http-nio-8080-exec-7] c.e.d.m.E.selectBySearch                 : <==      Total: 5
2019-09-05 10:03:23.876 DEBUG 34844 --- [http-nio-8080-exec-7] c.e.d.m.UserMapper.selectByPrimaryKey    : ==>  Preparing: select id, account_id, name, token, gmt_create, gmt_modified, avatar_url from user where id = ? 
2019-09-05 10:03:23.876 DEBUG 34844 --- [http-nio-8080-exec-7] c.e.d.m.UserMapper.selectByPrimaryKey    : ==> Parameters: 28(Long)
2019-09-05 10:03:23.877 DEBUG 34844 --- [http-nio-8080-exec-7] c.e.d.m.UserMapper.selectByPrimaryKey    : <==      Total: 1
2019-09-05 10:03:23.879 DEBUG 34844 --- [http-nio-8080-exec-7] c.e.d.m.UserMapper.selectByPrimaryKey    : ==>  Preparing: select id, account_id, name, token, gmt_create, gmt_modified, avatar_url from user where id = ? 
2019-09-05 10:03:23.879 DEBUG 34844 --- [http-nio-8080-exec-7] c.e.d.m.UserMapper.selectByPrimaryKey    : ==> Parameters: 28(Long)
2019-09-05 10:03:23.880 DEBUG 34844 --- [http-nio-8080-exec-7] c.e.d.m.UserMapper.selectByPrimaryKey    : <==      Total: 1
2019-09-05 10:03:23.881 DEBUG 34844 --- [http-nio-8080-exec-7] c.e.d.m.UserMapper.selectByPrimaryKey    : ==>  Preparing: select id, account_id, name, token, gmt_create, gmt_modified, avatar_url from user where id = ? 
2019-09-05 10:03:23.881 DEBUG 34844 --- [http-nio-8080-exec-7] c.e.d.m.UserMapper.selectByPrimaryKey    : ==> Parameters: 28(Long)
2019-09-05 10:03:23.882 DEBUG 34844 --- [http-nio-8080-exec-7] c.e.d.m.UserMapper.selectByPrimaryKey    : <==      Total: 1
2019-09-05 10:03:23.883 DEBUG 34844 --- [http-nio-8080-exec-7] c.e.d.m.UserMapper.selectByPrimaryKey    : ==>  Preparing: select id, account_id, name, token, gmt_create, gmt_modified, avatar_url from user where id = ? 
2019-09-05 10:03:23.884 DEBUG 34844 --- [http-nio-8080-exec-7] c.e.d.m.UserMapper.selectByPrimaryKey    : ==> Parameters: 28(Long)
2019-09-05 10:03:23.886 DEBUG 34844 --- [http-nio-8080-exec-7] c.e.d.m.UserMapper.selectByPrimaryKey    : <==      Total: 1
2019-09-05 10:03:23.887 DEBUG 34844 --- [http-nio-8080-exec-7] c.e.d.m.UserMapper.selectByPrimaryKey    : ==>  Preparing: select id, account_id, name, token, gmt_create, gmt_modified, avatar_url from user where id = ? 
2019-09-05 10:03:23.887 DEBUG 34844 --- [http-nio-8080-exec-7] c.e.d.m.UserMapper.selectByPrimaryKey    : ==> Parameters: 28(Long)
2019-09-05 10:03:23.888 DEBUG 34844 --- [http-nio-8080-exec-7] c.e.d.m.UserMapper.selectByPrimaryKey    : <==      Total: 1
2019-09-05 10:03:23.977 DEBUG 34844 --- [http-nio-8080-exec-1] c.e.d.mapper.UserMapper.selectByExample  : ==>  Preparing: select id, account_id, name, token, gmt_create, gmt_modified, avatar_url from user WHERE ( token = ? ) 
2019-09-05 10:03:23.979 DEBUG 34844 --- [http-nio-8080-exec-1] c.e.d.mapper.UserMapper.selectByExample  : ==> Parameters: 748bc8b1-f232-4a09-8baa-b56fd5ca5199(String)
2019-09-05 10:03:23.980 DEBUG 34844 --- [http-nio-8080-exec-1] c.e.d.mapper.UserMapper.selectByExample  : <==      Total: 1
2019-09-05 10:03:23.981 DEBUG 34844 --- [http-nio-8080-exec-9] c.e.d.mapper.UserMapper.selectByExample  : ==>  Preparing: select id, account_id, name, token, gmt_create, gmt_modified, avatar_url from user WHERE ( token = ? ) 
2019-09-05 10:03:23.981 DEBUG 34844 --- [http-nio-8080-exec-8] c.e.d.mapper.UserMapper.selectByExample  : ==>  Preparing: select id, account_id, name, token, gmt_create, gmt_modified, avatar_url from user WHERE ( token = ? ) 
2019-09-05 10:03:23.981 DEBUG 34844 --- [http-nio-8080-exec-10] c.e.d.mapper.UserMapper.selectByExample  : ==>  Preparing: select id, account_id, name, token, gmt_create, gmt_modified, avatar_url from user WHERE ( token = ? ) 
2019-09-05 10:03:23.981 DEBUG 34844 --- [http-nio-8080-exec-3] c.e.d.mapper.UserMapper.selectByExample  : ==>  Preparing: select id, account_id, name, token, gmt_create, gmt_modified, avatar_url from user WHERE ( token = ? ) 
2019-09-05 10:03:23.982 DEBUG 34844 --- [http-nio-8080-exec-10] c.e.d.mapper.UserMapper.selectByExample  : ==> Parameters: 748bc8b1-f232-4a09-8baa-b56fd5ca5199(String)
2019-09-05 10:03:23.981 DEBUG 34844 --- [http-nio-8080-exec-8] c.e.d.mapper.UserMapper.selectByExample  : ==> Parameters: 748bc8b1-f232-4a09-8baa-b56fd5ca5199(String)
2019-09-05 10:03:23.982 DEBUG 34844 --- [http-nio-8080-exec-9] c.e.d.mapper.UserMapper.selectByExample  : ==> Parameters: 748bc8b1-f232-4a09-8baa-b56fd5ca5199(String)
2019-09-05 10:03:23.982 DEBUG 34844 --- [http-nio-8080-exec-3] c.e.d.mapper.UserMapper.selectByExample  : ==> Parameters: 748bc8b1-f232-4a09-8baa-b56fd5ca5199(String)
2019-09-05 10:03:23.983 DEBUG 34844 --- [http-nio-8080-exec-1] c.e.d.m.N.countByExample                 : ==>  Preparing: select count(*) from notification WHERE ( receiver = ? and status = ? ) 
2019-09-05 10:03:23.983 DEBUG 34844 --- [http-nio-8080-exec-1] c.e.d.m.N.countByExample                 : ==> Parameters: 28(Long), 0(Integer)
2019-09-05 10:03:23.984 DEBUG 34844 --- [http-nio-8080-exec-9] c.e.d.mapper.UserMapper.selectByExample  : <==      Total: 1
2019-09-05 10:03:23.985 DEBUG 34844 --- [http-nio-8080-exec-3] c.e.d.mapper.UserMapper.selectByExample  : <==      Total: 1
2019-09-05 10:03:23.985 DEBUG 34844 --- [http-nio-8080-exec-1] c.e.d.m.N.countByExample                 : <==      Total: 1
2019-09-05 10:03:23.985 DEBUG 34844 --- [http-nio-8080-exec-9] c.e.d.m.N.countByExample                 : ==>  Preparing: select count(*) from notification WHERE ( receiver = ? and status = ? ) 
2019-09-05 10:03:23.986 DEBUG 34844 --- [http-nio-8080-exec-9] c.e.d.m.N.countByExample                 : ==> Parameters: 28(Long), 0(Integer)
2019-09-05 10:03:23.986 DEBUG 34844 --- [http-nio-8080-exec-3] c.e.d.m.N.countByExample                 : ==>  Preparing: select count(*) from notification WHERE ( receiver = ? and status = ? ) 
2019-09-05 10:03:23.987 DEBUG 34844 --- [http-nio-8080-exec-3] c.e.d.m.N.countByExample                 : ==> Parameters: 28(Long), 0(Integer)
2019-09-05 10:03:23.987 DEBUG 34844 --- [http-nio-8080-exec-9] c.e.d.m.N.countByExample                 : <==      Total: 1
2019-09-05 10:03:23.989 DEBUG 34844 --- [http-nio-8080-exec-10] c.e.d.mapper.UserMapper.selectByExample  : <==      Total: 1
2019-09-05 10:03:23.990 DEBUG 34844 --- [http-nio-8080-exec-3] c.e.d.m.N.countByExample                 : <==      Total: 1
2019-09-05 10:03:23.992 DEBUG 34844 --- [http-nio-8080-exec-10] c.e.d.m.N.countByExample                 : ==>  Preparing: select count(*) from notification WHERE ( receiver = ? and status = ? ) 
2019-09-05 10:03:23.992 DEBUG 34844 --- [http-nio-8080-exec-8] c.e.d.mapper.UserMapper.selectByExample  : <==      Total: 1
2019-09-05 10:03:23.992 DEBUG 34844 --- [http-nio-8080-exec-10] c.e.d.m.N.countByExample                 : ==> Parameters: 28(Long), 0(Integer)
2019-09-05 10:03:23.993 DEBUG 34844 --- [http-nio-8080-exec-8] c.e.d.m.N.countByExample                 : ==>  Preparing: select count(*) from notification WHERE ( receiver = ? and status = ? ) 
2019-09-05 10:03:23.993 DEBUG 34844 --- [http-nio-8080-exec-8] c.e.d.m.N.countByExample                 : ==> Parameters: 28(Long), 0(Integer)
2019-09-05 10:03:23.994 DEBUG 34844 --- [http-nio-8080-exec-8] c.e.d.m.N.countByExample                 : <==      Total: 1
2019-09-05 10:03:23.994 DEBUG 34844 --- [http-nio-8080-exec-10] c.e.d.m.N.countByExample                 : <==      Total: 1
2019-09-05 10:03:24.170 DEBUG 34844 --- [http-nio-8080-exec-4] c.e.d.mapper.UserMapper.selectByExample  : ==>  Preparing: select id, account_id, name, token, gmt_create, gmt_modified, avatar_url from user WHERE ( token = ? ) 
2019-09-05 10:03:24.171 DEBUG 34844 --- [http-nio-8080-exec-4] c.e.d.mapper.UserMapper.selectByExample  : ==> Parameters: 748bc8b1-f232-4a09-8baa-b56fd5ca5199(String)
2019-09-05 10:03:24.173 DEBUG 34844 --- [http-nio-8080-exec-4] c.e.d.mapper.UserMapper.selectByExample  : <==      Total: 1
2019-09-05 10:03:24.175 DEBUG 34844 --- [http-nio-8080-exec-4] c.e.d.m.N.countByExample                 : ==>  Preparing: select count(*) from notification WHERE ( receiver = ? and status = ? ) 
2019-09-05 10:03:24.175 DEBUG 34844 --- [http-nio-8080-exec-4] c.e.d.m.N.countByExample                 : ==> Parameters: 28(Long), 0(Integer)
2019-09-05 10:03:24.176 DEBUG 34844 --- [http-nio-8080-exec-4] c.e.d.m.N.countByExample                 : <==      Total: 1
2019-09-05 11:19:17.823 DEBUG 34844 --- [http-nio-8080-exec-9] c.e.d.mapper.UserMapper.selectByExample  : ==>  Preparing: select id, account_id, name, token, gmt_create, gmt_modified, avatar_url from user WHERE ( token = ? ) 
2019-09-05 11:19:17.825 DEBUG 34844 --- [http-nio-8080-exec-9] c.e.d.mapper.UserMapper.selectByExample  : ==> Parameters: 748bc8b1-f232-4a09-8baa-b56fd5ca5199(String)
2019-09-05 11:19:17.830 DEBUG 34844 --- [http-nio-8080-exec-9] c.e.d.mapper.UserMapper.selectByExample  : <==      Total: 1
2019-09-05 11:19:17.832 DEBUG 34844 --- [http-nio-8080-exec-9] c.e.d.m.N.countByExample                 : ==>  Preparing: select count(*) from notification WHERE ( receiver = ? and status = ? ) 
2019-09-05 11:19:17.833 DEBUG 34844 --- [http-nio-8080-exec-9] c.e.d.m.N.countByExample                 : ==> Parameters: 28(Long), 0(Integer)
2019-09-05 11:19:17.835 DEBUG 34844 --- [http-nio-8080-exec-9] c.e.d.m.N.countByExample                 : <==      Total: 1
2019-09-05 11:19:17.837 DEBUG 34844 --- [http-nio-8080-exec-9] c.e.d.m.ExtQuestionMapper.countBySearch  : ==>  Preparing: select count(*) from question 
2019-09-05 11:19:17.837 DEBUG 34844 --- [http-nio-8080-exec-9] c.e.d.m.ExtQuestionMapper.countBySearch  : ==> Parameters: 
2019-09-05 11:19:17.840 DEBUG 34844 --- [http-nio-8080-exec-9] c.e.d.m.ExtQuestionMapper.countBySearch  : <==      Total: 1
2019-09-05 11:19:17.841 DEBUG 34844 --- [http-nio-8080-exec-9] c.e.d.m.E.selectBySearch                 : ==>  Preparing: select * from question order by gmt_create desc limit ?,? 
2019-09-05 11:19:17.841 DEBUG 34844 --- [http-nio-8080-exec-9] c.e.d.m.E.selectBySearch                 : ==> Parameters: 0(Integer), 5(Integer)
2019-09-05 11:19:17.846 DEBUG 34844 --- [http-nio-8080-exec-9] c.e.d.m.E.selectBySearch                 : <==      Total: 5
2019-09-05 11:19:17.847 DEBUG 34844 --- [http-nio-8080-exec-9] c.e.d.m.UserMapper.selectByPrimaryKey    : ==>  Preparing: select id, account_id, name, token, gmt_create, gmt_modified, avatar_url from user where id = ? 
2019-09-05 11:19:17.847 DEBUG 34844 --- [http-nio-8080-exec-9] c.e.d.m.UserMapper.selectByPrimaryKey    : ==> Parameters: 28(Long)
2019-09-05 11:19:17.849 DEBUG 34844 --- [http-nio-8080-exec-9] c.e.d.m.UserMapper.selectByPrimaryKey    : <==      Total: 1
2019-09-05 11:19:17.858 DEBUG 34844 --- [http-nio-8080-exec-9] c.e.d.m.UserMapper.selectByPrimaryKey    : ==>  Preparing: select id, account_id, name, token, gmt_create, gmt_modified, avatar_url from user where id = ? 
2019-09-05 11:19:17.858 DEBUG 34844 --- [http-nio-8080-exec-9] c.e.d.m.UserMapper.selectByPrimaryKey    : ==> Parameters: 28(Long)
2019-09-05 11:19:17.859 DEBUG 34844 --- [http-nio-8080-exec-9] c.e.d.m.UserMapper.selectByPrimaryKey    : <==      Total: 1
2019-09-05 11:19:17.860 DEBUG 34844 --- [http-nio-8080-exec-9] c.e.d.m.UserMapper.selectByPrimaryKey    : ==>  Preparing: select id, account_id, name, token, gmt_create, gmt_modified, avatar_url from user where id = ? 
2019-09-05 11:19:17.860 DEBUG 34844 --- [http-nio-8080-exec-9] c.e.d.m.UserMapper.selectByPrimaryKey    : ==> Parameters: 28(Long)
2019-09-05 11:19:17.861 DEBUG 34844 --- [http-nio-8080-exec-9] c.e.d.m.UserMapper.selectByPrimaryKey    : <==      Total: 1
2019-09-05 11:19:17.862 DEBUG 34844 --- [http-nio-8080-exec-9] c.e.d.m.UserMapper.selectByPrimaryKey    : ==>  Preparing: select id, account_id, name, token, gmt_create, gmt_modified, avatar_url from user where id = ? 
2019-09-05 11:19:17.862 DEBUG 34844 --- [http-nio-8080-exec-9] c.e.d.m.UserMapper.selectByPrimaryKey    : ==> Parameters: 28(Long)
2019-09-05 11:19:17.863 DEBUG 34844 --- [http-nio-8080-exec-9] c.e.d.m.UserMapper.selectByPrimaryKey    : <==      Total: 1
2019-09-05 11:19:17.864 DEBUG 34844 --- [http-nio-8080-exec-9] c.e.d.m.UserMapper.selectByPrimaryKey    : ==>  Preparing: select id, account_id, name, token, gmt_create, gmt_modified, avatar_url from user where id = ? 
2019-09-05 11:19:17.864 DEBUG 34844 --- [http-nio-8080-exec-9] c.e.d.m.UserMapper.selectByPrimaryKey    : ==> Parameters: 28(Long)
2019-09-05 11:19:17.865 DEBUG 34844 --- [http-nio-8080-exec-9] c.e.d.m.UserMapper.selectByPrimaryKey    : <==      Total: 1
2019-09-05 11:19:17.907 DEBUG 34844 --- [http-nio-8080-exec-3] c.e.d.mapper.UserMapper.selectByExample  : ==>  Preparing: select id, account_id, name, token, gmt_create, gmt_modified, avatar_url from user WHERE ( token = ? ) 
2019-09-05 11:19:17.907 DEBUG 34844 --- [http-nio-8080-exec-3] c.e.d.mapper.UserMapper.selectByExample  : ==> Parameters: 748bc8b1-f232-4a09-8baa-b56fd5ca5199(String)
2019-09-05 11:19:17.909 DEBUG 34844 --- [http-nio-8080-exec-3] c.e.d.mapper.UserMapper.selectByExample  : <==      Total: 1
2019-09-05 11:19:17.911 DEBUG 34844 --- [http-nio-8080-exec-3] c.e.d.m.N.countByExample                 : ==>  Preparing: select count(*) from notification WHERE ( receiver = ? and status = ? ) 
2019-09-05 11:19:17.911 DEBUG 34844 --- [http-nio-8080-exec-3] c.e.d.m.N.countByExample                 : ==> Parameters: 28(Long), 0(Integer)
2019-09-05 11:19:17.911 DEBUG 34844 --- [http-nio-8080-exec-10] c.e.d.mapper.UserMapper.selectByExample  : ==>  Preparing: select id, account_id, name, token, gmt_create, gmt_modified, avatar_url from user WHERE ( token = ? ) 
2019-09-05 11:19:17.912 DEBUG 34844 --- [http-nio-8080-exec-3] c.e.d.m.N.countByExample                 : <==      Total: 1
2019-09-05 11:19:17.912 DEBUG 34844 --- [http-nio-8080-exec-10] c.e.d.mapper.UserMapper.selectByExample  : ==> Parameters: 748bc8b1-f232-4a09-8baa-b56fd5ca5199(String)
2019-09-05 11:19:17.914 DEBUG 34844 --- [http-nio-8080-exec-8] c.e.d.mapper.UserMapper.selectByExample  : ==>  Preparing: select id, account_id, name, token, gmt_create, gmt_modified, avatar_url from user WHERE ( token = ? ) 
2019-09-05 11:19:17.914 DEBUG 34844 --- [http-nio-8080-exec-10] c.e.d.mapper.UserMapper.selectByExample  : <==      Total: 1
2019-09-05 11:19:17.915 DEBUG 34844 --- [http-nio-8080-exec-10] c.e.d.m.N.countByExample                 : ==>  Preparing: select count(*) from notification WHERE ( receiver = ? and status = ? ) 
2019-09-05 11:19:17.915 DEBUG 34844 --- [http-nio-8080-exec-10] c.e.d.m.N.countByExample                 : ==> Parameters: 28(Long), 0(Integer)
2019-09-05 11:19:17.915 DEBUG 34844 --- [http-nio-8080-exec-8] c.e.d.mapper.UserMapper.selectByExample  : ==> Parameters: 748bc8b1-f232-4a09-8baa-b56fd5ca5199(String)
2019-09-05 11:19:17.916 DEBUG 34844 --- [http-nio-8080-exec-10] c.e.d.m.N.countByExample                 : <==      Total: 1
2019-09-05 11:19:17.917 DEBUG 34844 --- [http-nio-8080-exec-8] c.e.d.mapper.UserMapper.selectByExample  : <==      Total: 1
2019-09-05 11:19:17.918 DEBUG 34844 --- [http-nio-8080-exec-8] c.e.d.m.N.countByExample                 : ==>  Preparing: select count(*) from notification WHERE ( receiver = ? and status = ? ) 
2019-09-05 11:19:17.918 DEBUG 34844 --- [http-nio-8080-exec-8] c.e.d.m.N.countByExample                 : ==> Parameters: 28(Long), 0(Integer)
2019-09-05 11:19:17.919 DEBUG 34844 --- [http-nio-8080-exec-8] c.e.d.m.N.countByExample                 : <==      Total: 1
2019-09-05 11:19:17.927 DEBUG 34844 --- [http-nio-8080-exec-4] c.e.d.mapper.UserMapper.selectByExample  : ==>  Preparing: select id, account_id, name, token, gmt_create, gmt_modified, avatar_url from user WHERE ( token = ? ) 
2019-09-05 11:19:17.927 DEBUG 34844 --- [http-nio-8080-exec-4] c.e.d.mapper.UserMapper.selectByExample  : ==> Parameters: 748bc8b1-f232-4a09-8baa-b56fd5ca5199(String)
2019-09-05 11:19:17.929 DEBUG 34844 --- [http-nio-8080-exec-4] c.e.d.mapper.UserMapper.selectByExample  : <==      Total: 1
2019-09-05 11:19:17.930 DEBUG 34844 --- [http-nio-8080-exec-4] c.e.d.m.N.countByExample                 : ==>  Preparing: select count(*) from notification WHERE ( receiver = ? and status = ? ) 
2019-09-05 11:19:17.930 DEBUG 34844 --- [http-nio-8080-exec-7] c.e.d.mapper.UserMapper.selectByExample  : ==>  Preparing: select id, account_id, name, token, gmt_create, gmt_modified, avatar_url from user WHERE ( token = ? ) 
2019-09-05 11:19:17.930 DEBUG 34844 --- [http-nio-8080-exec-4] c.e.d.m.N.countByExample                 : ==> Parameters: 28(Long), 0(Integer)
2019-09-05 11:19:17.930 DEBUG 34844 --- [http-nio-8080-exec-7] c.e.d.mapper.UserMapper.selectByExample  : ==> Parameters: 748bc8b1-f232-4a09-8baa-b56fd5ca5199(String)
2019-09-05 11:19:17.931 DEBUG 34844 --- [http-nio-8080-exec-4] c.e.d.m.N.countByExample                 : <==      Total: 1
2019-09-05 11:19:17.931 DEBUG 34844 --- [http-nio-8080-exec-7] c.e.d.mapper.UserMapper.selectByExample  : <==      Total: 1
2019-09-05 11:19:17.932 DEBUG 34844 --- [http-nio-8080-exec-7] c.e.d.m.N.countByExample                 : ==>  Preparing: select count(*) from notification WHERE ( receiver = ? and status = ? ) 
2019-09-05 11:19:17.932 DEBUG 34844 --- [http-nio-8080-exec-7] c.e.d.m.N.countByExample                 : ==> Parameters: 28(Long), 0(Integer)
2019-09-05 11:19:17.933 DEBUG 34844 --- [http-nio-8080-exec-7] c.e.d.m.N.countByExample                 : <==      Total: 1
2019-09-05 14:32:13.625  INFO 13036 --- [restartedMain] com.example.demo.DemoApplication         : Starting DemoApplication on Meows with PID 13036 (D:\SpringDemo\target\classes started by Msile in D:\SpringDemo)
2019-09-05 14:32:13.628  INFO 13036 --- [restartedMain] com.example.demo.DemoApplication         : No active profile set, falling back to default profiles: default
2019-09-05 14:32:13.686  INFO 13036 --- [restartedMain] .e.DevToolsPropertyDefaultsPostProcessor : Devtools property defaults active! Set 'spring.devtools.add-properties' to 'false' to disable
2019-09-05 14:32:13.687  INFO 13036 --- [restartedMain] .e.DevToolsPropertyDefaultsPostProcessor : For additional web related logging consider setting the 'logging.level.web' property to 'DEBUG'
2019-09-05 14:32:15.393  INFO 13036 --- [restartedMain] o.s.b.w.embedded.tomcat.TomcatWebServer  : Tomcat initialized with port(s): 8080 (http)
2019-09-05 14:32:15.441  INFO 13036 --- [restartedMain] o.apache.catalina.core.StandardService   : Starting service [Tomcat]
2019-09-05 14:32:15.442  INFO 13036 --- [restartedMain] org.apache.catalina.core.StandardEngine  : Starting Servlet engine: [Apache Tomcat/9.0.21]
2019-09-05 14:32:15.579  INFO 13036 --- [restartedMain] o.a.c.c.C.[Tomcat].[localhost].[/]       : Initializing Spring embedded WebApplicationContext
2019-09-05 14:32:15.580  INFO 13036 --- [restartedMain] o.s.web.context.ContextLoader            : Root WebApplicationContext: initialization completed in 1893 ms
2019-09-05 14:32:16.431  INFO 13036 --- [restartedMain] o.s.s.concurrent.ThreadPoolTaskExecutor  : Initializing ExecutorService 'applicationTaskExecutor'
2019-09-05 14:32:16.639  INFO 13036 --- [restartedMain] o.s.b.a.w.s.WelcomePageHandlerMapping    : Adding welcome page template: index
2019-09-05 14:32:16.946  INFO 13036 --- [restartedMain] o.s.b.d.a.OptionalLiveReloadServer       : LiveReload server is running on port 35729
2019-09-05 14:32:17.013  INFO 13036 --- [restartedMain] o.s.b.w.embedded.tomcat.TomcatWebServer  : Tomcat started on port(s): 8080 (http) with context path ''
2019-09-05 14:32:17.017  INFO 13036 --- [restartedMain] com.example.demo.DemoApplication         : Started DemoApplication in 3.843 seconds (JVM running for 5.911)
2019-09-05 14:32:21.205  INFO 13036 --- [http-nio-8080-exec-1] o.a.c.c.C.[Tomcat].[localhost].[/]       : Initializing Spring DispatcherServlet 'dispatcherServlet'
2019-09-05 14:32:21.207  INFO 13036 --- [http-nio-8080-exec-1] o.s.web.servlet.DispatcherServlet        : Initializing Servlet 'dispatcherServlet'
2019-09-05 14:32:21.219  INFO 13036 --- [http-nio-8080-exec-1] o.s.web.servlet.DispatcherServlet        : Completed initialization in 12 ms
2019-09-05 14:32:21.291  INFO 13036 --- [http-nio-8080-exec-1] com.zaxxer.hikari.HikariDataSource       : HikariPool-1 - Starting...
2019-09-05 14:32:21.573  INFO 13036 --- [http-nio-8080-exec-1] com.zaxxer.hikari.HikariDataSource       : HikariPool-1 - Start completed.
2019-09-05 14:32:21.583 DEBUG 13036 --- [http-nio-8080-exec-1] c.e.d.mapper.UserMapper.selectByExample  : ==>  Preparing: select id, account_id, name, token, gmt_create, gmt_modified, avatar_url from user WHERE ( token = ? ) 
2019-09-05 14:32:21.606 DEBUG 13036 --- [http-nio-8080-exec-1] c.e.d.mapper.UserMapper.selectByExample  : ==> Parameters: 748bc8b1-f232-4a09-8baa-b56fd5ca5199(String)
2019-09-05 14:32:21.625 DEBUG 13036 --- [http-nio-8080-exec-1] c.e.d.mapper.UserMapper.selectByExample  : <==      Total: 1
2019-09-05 14:32:22.327  WARN 13036 --- [http-nio-8080-exec-1] o.a.c.util.SessionIdGeneratorBase        : Creation of SecureRandom instance for session ID generation using [SHA1PRNG] took [697] milliseconds.
2019-09-05 14:32:22.331 DEBUG 13036 --- [http-nio-8080-exec-1] c.e.d.m.N.countByExample                 : ==>  Preparing: select count(*) from notification WHERE ( receiver = ? and status = ? ) 
2019-09-05 14:32:22.332 DEBUG 13036 --- [http-nio-8080-exec-1] c.e.d.m.N.countByExample                 : ==> Parameters: 28(Long), 0(Integer)
2019-09-05 14:32:22.334 DEBUG 13036 --- [http-nio-8080-exec-1] c.e.d.m.N.countByExample                 : <==      Total: 1
2019-09-05 14:32:22.351 DEBUG 13036 --- [http-nio-8080-exec-1] c.e.d.m.ExtQuestionMapper.countBySearch  : ==>  Preparing: select count(*) from question 
2019-09-05 14:32:22.351 DEBUG 13036 --- [http-nio-8080-exec-1] c.e.d.m.ExtQuestionMapper.countBySearch  : ==> Parameters: 
2019-09-05 14:32:22.355 DEBUG 13036 --- [http-nio-8080-exec-1] c.e.d.m.ExtQuestionMapper.countBySearch  : <==      Total: 1
2019-09-05 14:32:22.355 DEBUG 13036 --- [http-nio-8080-exec-1] c.e.d.m.E.selectBySearch                 : ==>  Preparing: select * from question order by gmt_create desc limit ?,? 
2019-09-05 14:32:22.356 DEBUG 13036 --- [http-nio-8080-exec-1] c.e.d.m.E.selectBySearch                 : ==> Parameters: 0(Integer), 5(Integer)
2019-09-05 14:32:22.364 DEBUG 13036 --- [http-nio-8080-exec-1] c.e.d.m.E.selectBySearch                 : <==      Total: 5
2019-09-05 14:32:22.365 DEBUG 13036 --- [http-nio-8080-exec-1] c.e.d.m.UserMapper.selectByPrimaryKey    : ==>  Preparing: select id, account_id, name, token, gmt_create, gmt_modified, avatar_url from user where id = ? 
2019-09-05 14:32:22.365 DEBUG 13036 --- [http-nio-8080-exec-1] c.e.d.m.UserMapper.selectByPrimaryKey    : ==> Parameters: 28(Long)
2019-09-05 14:32:22.367 DEBUG 13036 --- [http-nio-8080-exec-1] c.e.d.m.UserMapper.selectByPrimaryKey    : <==      Total: 1
2019-09-05 14:32:22.372 DEBUG 13036 --- [http-nio-8080-exec-1] c.e.d.m.UserMapper.selectByPrimaryKey    : ==>  Preparing: select id, account_id, name, token, gmt_create, gmt_modified, avatar_url from user where id = ? 
2019-09-05 14:32:22.373 DEBUG 13036 --- [http-nio-8080-exec-1] c.e.d.m.UserMapper.selectByPrimaryKey    : ==> Parameters: 28(Long)
2019-09-05 14:32:22.375 DEBUG 13036 --- [http-nio-8080-exec-1] c.e.d.m.UserMapper.selectByPrimaryKey    : <==      Total: 1
2019-09-05 14:32:22.375 DEBUG 13036 --- [http-nio-8080-exec-1] c.e.d.m.UserMapper.selectByPrimaryKey    : ==>  Preparing: select id, account_id, name, token, gmt_create, gmt_modified, avatar_url from user where id = ? 
2019-09-05 14:32:22.375 DEBUG 13036 --- [http-nio-8080-exec-1] c.e.d.m.UserMapper.selectByPrimaryKey    : ==> Parameters: 28(Long)
2019-09-05 14:32:22.378 DEBUG 13036 --- [http-nio-8080-exec-1] c.e.d.m.UserMapper.selectByPrimaryKey    : <==      Total: 1
2019-09-05 14:32:22.379 DEBUG 13036 --- [http-nio-8080-exec-1] c.e.d.m.UserMapper.selectByPrimaryKey    : ==>  Preparing: select id, account_id, name, token, gmt_create, gmt_modified, avatar_url from user where id = ? 
2019-09-05 14:32:22.379 DEBUG 13036 --- [http-nio-8080-exec-1] c.e.d.m.UserMapper.selectByPrimaryKey    : ==> Parameters: 28(Long)
2019-09-05 14:32:22.380 DEBUG 13036 --- [http-nio-8080-exec-1] c.e.d.m.UserMapper.selectByPrimaryKey    : <==      Total: 1
2019-09-05 14:32:22.381 DEBUG 13036 --- [http-nio-8080-exec-1] c.e.d.m.UserMapper.selectByPrimaryKey    : ==>  Preparing: select id, account_id, name, token, gmt_create, gmt_modified, avatar_url from user where id = ? 
2019-09-05 14:32:22.381 DEBUG 13036 --- [http-nio-8080-exec-1] c.e.d.m.UserMapper.selectByPrimaryKey    : ==> Parameters: 28(Long)
2019-09-05 14:32:22.383 DEBUG 13036 --- [http-nio-8080-exec-1] c.e.d.m.UserMapper.selectByPrimaryKey    : <==      Total: 1
2019-09-05 14:32:22.796 DEBUG 13036 --- [http-nio-8080-exec-2] c.e.d.mapper.UserMapper.selectByExample  : ==>  Preparing: select id, account_id, name, token, gmt_create, gmt_modified, avatar_url from user WHERE ( token = ? ) 
2019-09-05 14:32:22.797 DEBUG 13036 --- [http-nio-8080-exec-2] c.e.d.mapper.UserMapper.selectByExample  : ==> Parameters: 748bc8b1-f232-4a09-8baa-b56fd5ca5199(String)
2019-09-05 14:32:22.799 DEBUG 13036 --- [http-nio-8080-exec-2] c.e.d.mapper.UserMapper.selectByExample  : <==      Total: 1
2019-09-05 14:32:22.801 DEBUG 13036 --- [http-nio-8080-exec-2] c.e.d.m.N.countByExample                 : ==>  Preparing: select count(*) from notification WHERE ( receiver = ? and status = ? ) 
2019-09-05 14:32:22.801 DEBUG 13036 --- [http-nio-8080-exec-2] c.e.d.m.N.countByExample                 : ==> Parameters: 28(Long), 0(Integer)
2019-09-05 14:32:22.802 DEBUG 13036 --- [http-nio-8080-exec-2] c.e.d.m.N.countByExample                 : <==      Total: 1
2019-09-05 14:32:22.808 DEBUG 13036 --- [http-nio-8080-exec-3] c.e.d.mapper.UserMapper.selectByExample  : ==>  Preparing: select id, account_id, name, token, gmt_create, gmt_modified, avatar_url from user WHERE ( token = ? ) 
2019-09-05 14:32:22.809 DEBUG 13036 --- [http-nio-8080-exec-3] c.e.d.mapper.UserMapper.selectByExample  : ==> Parameters: 748bc8b1-f232-4a09-8baa-b56fd5ca5199(String)
2019-09-05 14:32:22.811 DEBUG 13036 --- [http-nio-8080-exec-3] c.e.d.mapper.UserMapper.selectByExample  : <==      Total: 1
2019-09-05 14:32:22.813 DEBUG 13036 --- [http-nio-8080-exec-3] c.e.d.m.N.countByExample                 : ==>  Preparing: select count(*) from notification WHERE ( receiver = ? and status = ? ) 
2019-09-05 14:32:22.814 DEBUG 13036 --- [http-nio-8080-exec-3] c.e.d.m.N.countByExample                 : ==> Parameters: 28(Long), 0(Integer)
2019-09-05 14:32:22.816 DEBUG 13036 --- [http-nio-8080-exec-3] c.e.d.m.N.countByExample                 : <==      Total: 1
2019-09-05 14:32:22.819 DEBUG 13036 --- [http-nio-8080-exec-4] c.e.d.mapper.UserMapper.selectByExample  : ==>  Preparing: select id, account_id, name, token, gmt_create, gmt_modified, avatar_url from user WHERE ( token = ? ) 
2019-09-05 14:32:22.820 DEBUG 13036 --- [http-nio-8080-exec-4] c.e.d.mapper.UserMapper.selectByExample  : ==> Parameters: 748bc8b1-f232-4a09-8baa-b56fd5ca5199(String)
2019-09-05 14:32:22.821 DEBUG 13036 --- [http-nio-8080-exec-4] c.e.d.mapper.UserMapper.selectByExample  : <==      Total: 1
2019-09-05 14:32:22.823 DEBUG 13036 --- [http-nio-8080-exec-5] c.e.d.mapper.UserMapper.selectByExample  : ==>  Preparing: select id, account_id, name, token, gmt_create, gmt_modified, avatar_url from user WHERE ( token = ? ) 
2019-09-05 14:32:22.823 DEBUG 13036 --- [http-nio-8080-exec-4] c.e.d.m.N.countByExample                 : ==>  Preparing: select count(*) from notification WHERE ( receiver = ? and status = ? ) 
2019-09-05 14:32:22.823 DEBUG 13036 --- [http-nio-8080-exec-5] c.e.d.mapper.UserMapper.selectByExample  : ==> Parameters: 748bc8b1-f232-4a09-8baa-b56fd5ca5199(String)
2019-09-05 14:32:22.824 DEBUG 13036 --- [http-nio-8080-exec-4] c.e.d.m.N.countByExample                 : ==> Parameters: 28(Long), 0(Integer)
2019-09-05 14:32:22.826 DEBUG 13036 --- [http-nio-8080-exec-5] c.e.d.mapper.UserMapper.selectByExample  : <==      Total: 1
2019-09-05 14:32:22.826 DEBUG 13036 --- [http-nio-8080-exec-4] c.e.d.m.N.countByExample                 : <==      Total: 1
2019-09-05 14:32:22.827 DEBUG 13036 --- [http-nio-8080-exec-5] c.e.d.m.N.countByExample                 : ==>  Preparing: select count(*) from notification WHERE ( receiver = ? and status = ? ) 
2019-09-05 14:32:22.827 DEBUG 13036 --- [http-nio-8080-exec-6] c.e.d.mapper.UserMapper.selectByExample  : ==>  Preparing: select id, account_id, name, token, gmt_create, gmt_modified, avatar_url from user WHERE ( token = ? ) 
2019-09-05 14:32:22.827 DEBUG 13036 --- [http-nio-8080-exec-6] c.e.d.mapper.UserMapper.selectByExample  : ==> Parameters: 748bc8b1-f232-4a09-8baa-b56fd5ca5199(String)
2019-09-05 14:32:22.827 DEBUG 13036 --- [http-nio-8080-exec-5] c.e.d.m.N.countByExample                 : ==> Parameters: 28(Long), 0(Integer)
2019-09-05 14:32:22.828 DEBUG 13036 --- [http-nio-8080-exec-5] c.e.d.m.N.countByExample                 : <==      Total: 1
2019-09-05 14:32:22.829 DEBUG 13036 --- [http-nio-8080-exec-6] c.e.d.mapper.UserMapper.selectByExample  : <==      Total: 1
2019-09-05 14:32:22.832 DEBUG 13036 --- [http-nio-8080-exec-6] c.e.d.m.N.countByExample                 : ==>  Preparing: select count(*) from notification WHERE ( receiver = ? and status = ? ) 
2019-09-05 14:32:22.833 DEBUG 13036 --- [http-nio-8080-exec-6] c.e.d.m.N.countByExample                 : ==> Parameters: 28(Long), 0(Integer)
2019-09-05 14:32:22.834 DEBUG 13036 --- [http-nio-8080-exec-6] c.e.d.m.N.countByExample                 : <==      Total: 1
2019-09-05 14:32:22.836 DEBUG 13036 --- [http-nio-8080-exec-7] c.e.d.mapper.UserMapper.selectByExample  : ==>  Preparing: select id, account_id, name, token, gmt_create, gmt_modified, avatar_url from user WHERE ( token = ? ) 
2019-09-05 14:32:22.836 DEBUG 13036 --- [http-nio-8080-exec-7] c.e.d.mapper.UserMapper.selectByExample  : ==> Parameters: 748bc8b1-f232-4a09-8baa-b56fd5ca5199(String)
2019-09-05 14:32:22.839 DEBUG 13036 --- [http-nio-8080-exec-7] c.e.d.mapper.UserMapper.selectByExample  : <==      Total: 1
2019-09-05 14:32:22.840 DEBUG 13036 --- [http-nio-8080-exec-7] c.e.d.m.N.countByExample                 : ==>  Preparing: select count(*) from notification WHERE ( receiver = ? and status = ? ) 
2019-09-05 14:32:22.841 DEBUG 13036 --- [http-nio-8080-exec-7] c.e.d.m.N.countByExample                 : ==> Parameters: 28(Long), 0(Integer)
2019-09-05 14:32:22.842 DEBUG 13036 --- [http-nio-8080-exec-7] c.e.d.m.N.countByExample                 : <==      Total: 1
2019-09-05 14:32:22.856 DEBUG 13036 --- [http-nio-8080-exec-8] c.e.d.mapper.UserMapper.selectByExample  : ==>  Preparing: select id, account_id, name, token, gmt_create, gmt_modified, avatar_url from user WHERE ( token = ? ) 
2019-09-05 14:32:22.857 DEBUG 13036 --- [http-nio-8080-exec-8] c.e.d.mapper.UserMapper.selectByExample  : ==> Parameters: 748bc8b1-f232-4a09-8baa-b56fd5ca5199(String)
2019-09-05 14:32:22.858 DEBUG 13036 --- [http-nio-8080-exec-8] c.e.d.mapper.UserMapper.selectByExample  : <==      Total: 1
2019-09-05 14:32:22.860 DEBUG 13036 --- [http-nio-8080-exec-8] c.e.d.m.N.countByExample                 : ==>  Preparing: select count(*) from notification WHERE ( receiver = ? and status = ? ) 
2019-09-05 14:32:22.861 DEBUG 13036 --- [http-nio-8080-exec-8] c.e.d.m.N.countByExample                 : ==> Parameters: 28(Long), 0(Integer)
2019-09-05 14:32:22.863 DEBUG 13036 --- [http-nio-8080-exec-8] c.e.d.m.N.countByExample                 : <==      Total: 1
2019-09-05 14:32:22.872 DEBUG 13036 --- [http-nio-8080-exec-10] c.e.d.mapper.UserMapper.selectByExample  : ==>  Preparing: select id, account_id, name, token, gmt_create, gmt_modified, avatar_url from user WHERE ( token = ? ) 
2019-09-05 14:32:22.872 DEBUG 13036 --- [http-nio-8080-exec-1] c.e.d.mapper.UserMapper.selectByExample  : ==>  Preparing: select id, account_id, name, token, gmt_create, gmt_modified, avatar_url from user WHERE ( token = ? ) 
2019-09-05 14:32:22.873 DEBUG 13036 --- [http-nio-8080-exec-10] c.e.d.mapper.UserMapper.selectByExample  : ==> Parameters: 748bc8b1-f232-4a09-8baa-b56fd5ca5199(String)
2019-09-05 14:32:22.873 DEBUG 13036 --- [http-nio-8080-exec-1] c.e.d.mapper.UserMapper.selectByExample  : ==> Parameters: 748bc8b1-f232-4a09-8baa-b56fd5ca5199(String)
2019-09-05 14:32:22.873 DEBUG 13036 --- [http-nio-8080-exec-9] c.e.d.mapper.UserMapper.selectByExample  : ==>  Preparing: select id, account_id, name, token, gmt_create, gmt_modified, avatar_url from user WHERE ( token = ? ) 
2019-09-05 14:32:22.874 DEBUG 13036 --- [http-nio-8080-exec-9] c.e.d.mapper.UserMapper.selectByExample  : ==> Parameters: 748bc8b1-f232-4a09-8baa-b56fd5ca5199(String)
2019-09-05 14:32:22.874 DEBUG 13036 --- [http-nio-8080-exec-10] c.e.d.mapper.UserMapper.selectByExample  : <==      Total: 1
2019-09-05 14:32:22.874 DEBUG 13036 --- [http-nio-8080-exec-1] c.e.d.mapper.UserMapper.selectByExample  : <==      Total: 1
2019-09-05 14:32:22.875 DEBUG 13036 --- [http-nio-8080-exec-10] c.e.d.m.N.countByExample                 : ==>  Preparing: select count(*) from notification WHERE ( receiver = ? and status = ? ) 
2019-09-05 14:32:22.876 DEBUG 13036 --- [http-nio-8080-exec-10] c.e.d.m.N.countByExample                 : ==> Parameters: 28(Long), 0(Integer)
2019-09-05 14:32:22.877 DEBUG 13036 --- [http-nio-8080-exec-1] c.e.d.m.N.countByExample                 : ==>  Preparing: select count(*) from notification WHERE ( receiver = ? and status = ? ) 
2019-09-05 14:32:22.878 DEBUG 13036 --- [http-nio-8080-exec-1] c.e.d.m.N.countByExample                 : ==> Parameters: 28(Long), 0(Integer)
2019-09-05 14:32:22.878 DEBUG 13036 --- [http-nio-8080-exec-9] c.e.d.mapper.UserMapper.selectByExample  : <==      Total: 1
2019-09-05 14:32:22.879 DEBUG 13036 --- [http-nio-8080-exec-10] c.e.d.m.N.countByExample                 : <==      Total: 1
2019-09-05 14:32:22.879 DEBUG 13036 --- [http-nio-8080-exec-1] c.e.d.m.N.countByExample                 : <==      Total: 1
2019-09-05 14:32:22.880 DEBUG 13036 --- [http-nio-8080-exec-9] c.e.d.m.N.countByExample                 : ==>  Preparing: select count(*) from notification WHERE ( receiver = ? and status = ? ) 
2019-09-05 14:32:22.880 DEBUG 13036 --- [http-nio-8080-exec-9] c.e.d.m.N.countByExample                 : ==> Parameters: 28(Long), 0(Integer)
2019-09-05 14:32:22.883 DEBUG 13036 --- [http-nio-8080-exec-9] c.e.d.m.N.countByExample                 : <==      Total: 1
2019-09-05 14:32:23.167 DEBUG 13036 --- [http-nio-8080-exec-2] c.e.d.mapper.UserMapper.selectByExample  : ==>  Preparing: select id, account_id, name, token, gmt_create, gmt_modified, avatar_url from user WHERE ( token = ? ) 
2019-09-05 14:32:23.167 DEBUG 13036 --- [http-nio-8080-exec-2] c.e.d.mapper.UserMapper.selectByExample  : ==> Parameters: 748bc8b1-f232-4a09-8baa-b56fd5ca5199(String)
2019-09-05 14:32:23.169 DEBUG 13036 --- [http-nio-8080-exec-2] c.e.d.mapper.UserMapper.selectByExample  : <==      Total: 1
2019-09-05 14:32:23.170 DEBUG 13036 --- [http-nio-8080-exec-2] c.e.d.m.N.countByExample                 : ==>  Preparing: select count(*) from notification WHERE ( receiver = ? and status = ? ) 
2019-09-05 14:32:23.170 DEBUG 13036 --- [http-nio-8080-exec-2] c.e.d.m.N.countByExample                 : ==> Parameters: 28(Long), 0(Integer)
2019-09-05 14:32:23.171 DEBUG 13036 --- [http-nio-8080-exec-2] c.e.d.m.N.countByExample                 : <==      Total: 1
2019-09-05 14:32:26.868 DEBUG 13036 --- [http-nio-8080-exec-3] c.e.d.mapper.UserMapper.selectByExample  : ==>  Preparing: select id, account_id, name, token, gmt_create, gmt_modified, avatar_url from user WHERE ( token = ? ) 
2019-09-05 14:32:26.868 DEBUG 13036 --- [http-nio-8080-exec-3] c.e.d.mapper.UserMapper.selectByExample  : ==> Parameters: 748bc8b1-f232-4a09-8baa-b56fd5ca5199(String)
2019-09-05 14:32:26.869 DEBUG 13036 --- [http-nio-8080-exec-3] c.e.d.mapper.UserMapper.selectByExample  : <==      Total: 1
2019-09-05 14:32:26.871 DEBUG 13036 --- [http-nio-8080-exec-3] c.e.d.m.N.countByExample                 : ==>  Preparing: select count(*) from notification WHERE ( receiver = ? and status = ? ) 
2019-09-05 14:32:26.871 DEBUG 13036 --- [http-nio-8080-exec-3] c.e.d.m.N.countByExample                 : ==> Parameters: 28(Long), 0(Integer)
2019-09-05 14:32:26.872 DEBUG 13036 --- [http-nio-8080-exec-3] c.e.d.m.N.countByExample                 : <==      Total: 1
2019-09-05 14:32:26.884 DEBUG 13036 --- [http-nio-8080-exec-4] c.e.d.m.ExtQuestionMapper.countBySearch  : ==>  Preparing: select count(*) from question 
2019-09-05 14:32:26.884 DEBUG 13036 --- [http-nio-8080-exec-4] c.e.d.m.ExtQuestionMapper.countBySearch  : ==> Parameters: 
2019-09-05 14:32:26.886 DEBUG 13036 --- [http-nio-8080-exec-4] c.e.d.m.ExtQuestionMapper.countBySearch  : <==      Total: 1
2019-09-05 14:32:26.887 DEBUG 13036 --- [http-nio-8080-exec-4] c.e.d.m.E.selectBySearch                 : ==>  Preparing: select * from question order by gmt_create desc limit ?,? 
2019-09-05 14:32:26.888 DEBUG 13036 --- [http-nio-8080-exec-4] c.e.d.m.E.selectBySearch                 : ==> Parameters: 0(Integer), 5(Integer)
2019-09-05 14:32:26.890 DEBUG 13036 --- [http-nio-8080-exec-4] c.e.d.m.E.selectBySearch                 : <==      Total: 5
2019-09-05 14:32:26.891 DEBUG 13036 --- [http-nio-8080-exec-4] c.e.d.m.UserMapper.selectByPrimaryKey    : ==>  Preparing: select id, account_id, name, token, gmt_create, gmt_modified, avatar_url from user where id = ? 
2019-09-05 14:32:26.891 DEBUG 13036 --- [http-nio-8080-exec-4] c.e.d.m.UserMapper.selectByPrimaryKey    : ==> Parameters: 28(Long)
2019-09-05 14:32:26.892 DEBUG 13036 --- [http-nio-8080-exec-4] c.e.d.m.UserMapper.selectByPrimaryKey    : <==      Total: 1
2019-09-05 14:32:26.895 DEBUG 13036 --- [http-nio-8080-exec-4] c.e.d.m.UserMapper.selectByPrimaryKey    : ==>  Preparing: select id, account_id, name, token, gmt_create, gmt_modified, avatar_url from user where id = ? 
2019-09-05 14:32:26.895 DEBUG 13036 --- [http-nio-8080-exec-4] c.e.d.m.UserMapper.selectByPrimaryKey    : ==> Parameters: 28(Long)
2019-09-05 14:32:26.896 DEBUG 13036 --- [http-nio-8080-exec-4] c.e.d.m.UserMapper.selectByPrimaryKey    : <==      Total: 1
2019-09-05 14:32:26.897 DEBUG 13036 --- [http-nio-8080-exec-4] c.e.d.m.UserMapper.selectByPrimaryKey    : ==>  Preparing: select id, account_id, name, token, gmt_create, gmt_modified, avatar_url from user where id = ? 
2019-09-05 14:32:26.898 DEBUG 13036 --- [http-nio-8080-exec-4] c.e.d.m.UserMapper.selectByPrimaryKey    : ==> Parameters: 28(Long)
2019-09-05 14:32:26.899 DEBUG 13036 --- [http-nio-8080-exec-4] c.e.d.m.UserMapper.selectByPrimaryKey    : <==      Total: 1
2019-09-05 14:32:26.900 DEBUG 13036 --- [http-nio-8080-exec-4] c.e.d.m.UserMapper.selectByPrimaryKey    : ==>  Preparing: select id, account_id, name, token, gmt_create, gmt_modified, avatar_url from user where id = ? 
2019-09-05 14:32:26.900 DEBUG 13036 --- [http-nio-8080-exec-4] c.e.d.m.UserMapper.selectByPrimaryKey    : ==> Parameters: 28(Long)
2019-09-05 14:32:26.901 DEBUG 13036 --- [http-nio-8080-exec-4] c.e.d.m.UserMapper.selectByPrimaryKey    : <==      Total: 1
2019-09-05 14:32:26.902 DEBUG 13036 --- [http-nio-8080-exec-4] c.e.d.m.UserMapper.selectByPrimaryKey    : ==>  Preparing: select id, account_id, name, token, gmt_create, gmt_modified, avatar_url from user where id = ? 
2019-09-05 14:32:26.902 DEBUG 13036 --- [http-nio-8080-exec-4] c.e.d.m.UserMapper.selectByPrimaryKey    : ==> Parameters: 28(Long)
2019-09-05 14:32:26.903 DEBUG 13036 --- [http-nio-8080-exec-4] c.e.d.m.UserMapper.selectByPrimaryKey    : <==      Total: 1
2019-09-05 14:33:06.048  INFO 44020 --- [restartedMain] com.example.demo.DemoApplication         : Starting DemoApplication on Meows with PID 44020 (D:\SpringDemo\target\classes started by Msile in D:\SpringDemo)
2019-09-05 14:33:06.051  INFO 44020 --- [restartedMain] com.example.demo.DemoApplication         : No active profile set, falling back to default profiles: default
2019-09-05 14:33:06.104  INFO 44020 --- [restartedMain] .e.DevToolsPropertyDefaultsPostProcessor : Devtools property defaults active! Set 'spring.devtools.add-properties' to 'false' to disable
2019-09-05 14:33:06.105  INFO 44020 --- [restartedMain] .e.DevToolsPropertyDefaultsPostProcessor : For additional web related logging consider setting the 'logging.level.web' property to 'DEBUG'
2019-09-05 14:33:08.046  INFO 44020 --- [restartedMain] o.s.b.w.embedded.tomcat.TomcatWebServer  : Tomcat initialized with port(s): 8080 (http)
2019-09-05 14:33:08.079  INFO 44020 --- [restartedMain] o.apache.catalina.core.StandardService   : Starting service [Tomcat]
2019-09-05 14:33:08.080  INFO 44020 --- [restartedMain] org.apache.catalina.core.StandardEngine  : Starting Servlet engine: [Apache Tomcat/9.0.21]
2019-09-05 14:33:08.183  INFO 44020 --- [restartedMain] o.a.c.c.C.[Tomcat].[localhost].[/]       : Initializing Spring embedded WebApplicationContext
2019-09-05 14:33:08.184  INFO 44020 --- [restartedMain] o.s.web.context.ContextLoader            : Root WebApplicationContext: initialization completed in 2078 ms
2019-09-05 14:33:08.759  INFO 44020 --- [restartedMain] o.s.s.concurrent.ThreadPoolTaskExecutor  : Initializing ExecutorService 'applicationTaskExecutor'
2019-09-05 14:33:08.879  INFO 44020 --- [restartedMain] o.s.b.a.w.s.WelcomePageHandlerMapping    : Adding welcome page template: index
2019-09-05 14:33:09.153  INFO 44020 --- [restartedMain] o.s.b.d.a.OptionalLiveReloadServer       : LiveReload server is running on port 35729
2019-09-05 14:33:09.214  INFO 44020 --- [restartedMain] o.s.b.w.embedded.tomcat.TomcatWebServer  : Tomcat started on port(s): 8080 (http) with context path ''
2019-09-05 14:33:09.219  INFO 44020 --- [restartedMain] com.example.demo.DemoApplication         : Started DemoApplication in 3.626 seconds (JVM running for 5.11)
2019-09-05 14:39:19.550  INFO 26580 --- [restartedMain] com.example.demo.DemoApplication         : Starting DemoApplication on Meows with PID 26580 (D:\SpringDemo\target\classes started by Msile in D:\SpringDemo)
2019-09-05 14:39:19.553  INFO 26580 --- [restartedMain] com.example.demo.DemoApplication         : No active profile set, falling back to default profiles: default
2019-09-05 14:39:19.593  INFO 26580 --- [restartedMain] .e.DevToolsPropertyDefaultsPostProcessor : Devtools property defaults active! Set 'spring.devtools.add-properties' to 'false' to disable
2019-09-05 14:39:19.593  INFO 26580 --- [restartedMain] .e.DevToolsPropertyDefaultsPostProcessor : For additional web related logging consider setting the 'logging.level.web' property to 'DEBUG'
2019-09-05 14:39:21.139  INFO 26580 --- [restartedMain] o.s.b.w.embedded.tomcat.TomcatWebServer  : Tomcat initialized with port(s): 8080 (http)
2019-09-05 14:39:21.179  INFO 26580 --- [restartedMain] o.apache.catalina.core.StandardService   : Starting service [Tomcat]
2019-09-05 14:39:21.180  INFO 26580 --- [restartedMain] org.apache.catalina.core.StandardEngine  : Starting Servlet engine: [Apache Tomcat/9.0.21]
2019-09-05 14:39:21.368  INFO 26580 --- [restartedMain] o.a.c.c.C.[Tomcat].[localhost].[/]       : Initializing Spring embedded WebApplicationContext
2019-09-05 14:39:21.370  INFO 26580 --- [restartedMain] o.s.web.context.ContextLoader            : Root WebApplicationContext: initialization completed in 1777 ms
2019-09-05 14:39:22.264  INFO 26580 --- [restartedMain] o.s.s.concurrent.ThreadPoolTaskExecutor  : Initializing ExecutorService 'applicationTaskExecutor'
2019-09-05 14:39:22.408  INFO 26580 --- [restartedMain] o.s.b.a.w.s.WelcomePageHandlerMapping    : Adding welcome page template: index
2019-09-05 14:39:22.665  INFO 26580 --- [restartedMain] o.s.b.d.a.OptionalLiveReloadServer       : LiveReload server is running on port 35729
2019-09-05 14:39:22.718  INFO 26580 --- [restartedMain] o.s.b.w.embedded.tomcat.TomcatWebServer  : Tomcat started on port(s): 8080 (http) with context path ''
2019-09-05 14:39:22.722  INFO 26580 --- [restartedMain] com.example.demo.DemoApplication         : Started DemoApplication in 3.461 seconds (JVM running for 4.947)
2019-09-05 14:39:32.621  INFO 26580 --- [http-nio-8080-exec-1] o.a.c.c.C.[Tomcat].[localhost].[/]       : Initializing Spring DispatcherServlet 'dispatcherServlet'
2019-09-05 14:39:32.623  INFO 26580 --- [http-nio-8080-exec-1] o.s.web.servlet.DispatcherServlet        : Initializing Servlet 'dispatcherServlet'
2019-09-05 14:39:32.633  INFO 26580 --- [http-nio-8080-exec-1] o.s.web.servlet.DispatcherServlet        : Completed initialization in 9 ms
2019-09-05 14:39:32.700  INFO 26580 --- [http-nio-8080-exec-1] com.zaxxer.hikari.HikariDataSource       : HikariPool-1 - Starting...
2019-09-05 14:39:32.981  INFO 26580 --- [http-nio-8080-exec-1] com.zaxxer.hikari.HikariDataSource       : HikariPool-1 - Start completed.
2019-09-05 14:39:40.955  WARN 26580 --- [http-nio-8080-exec-5] o.a.c.util.SessionIdGeneratorBase        : Creation of SecureRandom instance for session ID generation using [SHA1PRNG] took [638] milliseconds.
2019-09-05 14:41:23.856  INFO 23284 --- [restartedMain] com.example.demo.DemoApplication         : Starting DemoApplication on Meows with PID 23284 (D:\SpringDemo\target\classes started by Msile in D:\SpringDemo)
2019-09-05 14:41:23.859  INFO 23284 --- [restartedMain] com.example.demo.DemoApplication         : No active profile set, falling back to default profiles: default
2019-09-05 14:41:23.916  INFO 23284 --- [restartedMain] .e.DevToolsPropertyDefaultsPostProcessor : Devtools property defaults active! Set 'spring.devtools.add-properties' to 'false' to disable
2019-09-05 14:41:23.916  INFO 23284 --- [restartedMain] .e.DevToolsPropertyDefaultsPostProcessor : For additional web related logging consider setting the 'logging.level.web' property to 'DEBUG'
2019-09-05 14:41:25.443  INFO 23284 --- [restartedMain] o.s.b.w.embedded.tomcat.TomcatWebServer  : Tomcat initialized with port(s): 8080 (http)
2019-09-05 14:41:25.474  INFO 23284 --- [restartedMain] o.apache.catalina.core.StandardService   : Starting service [Tomcat]
2019-09-05 14:41:25.475  INFO 23284 --- [restartedMain] org.apache.catalina.core.StandardEngine  : Starting Servlet engine: [Apache Tomcat/9.0.21]
2019-09-05 14:41:25.637  INFO 23284 --- [restartedMain] o.a.c.c.C.[Tomcat].[localhost].[/]       : Initializing Spring embedded WebApplicationContext
2019-09-05 14:41:25.638  INFO 23284 --- [restartedMain] o.s.web.context.ContextLoader            : Root WebApplicationContext: initialization completed in 1722 ms
2019-09-05 14:41:26.383  INFO 23284 --- [restartedMain] o.s.s.concurrent.ThreadPoolTaskExecutor  : Initializing ExecutorService 'applicationTaskExecutor'
2019-09-05 14:41:26.500  INFO 23284 --- [restartedMain] o.s.b.a.w.s.WelcomePageHandlerMapping    : Adding welcome page template: index
2019-09-05 14:41:26.752  INFO 23284 --- [restartedMain] o.s.b.d.a.OptionalLiveReloadServer       : LiveReload server is running on port 35729
2019-09-05 14:41:26.806  INFO 23284 --- [restartedMain] o.s.b.w.embedded.tomcat.TomcatWebServer  : Tomcat started on port(s): 8080 (http) with context path ''
2019-09-05 14:41:26.811  INFO 23284 --- [restartedMain] com.example.demo.DemoApplication         : Started DemoApplication in 3.351 seconds (JVM running for 4.822)
2019-09-05 14:41:29.081  INFO 23284 --- [http-nio-8080-exec-1] o.a.c.c.C.[Tomcat].[localhost].[/]       : Initializing Spring DispatcherServlet 'dispatcherServlet'
2019-09-05 14:41:29.083  INFO 23284 --- [http-nio-8080-exec-1] o.s.web.servlet.DispatcherServlet        : Initializing Servlet 'dispatcherServlet'
2019-09-05 14:41:29.090  INFO 23284 --- [http-nio-8080-exec-1] o.s.web.servlet.DispatcherServlet        : Completed initialization in 7 ms
2019-09-05 14:41:29.151  INFO 23284 --- [http-nio-8080-exec-1] com.zaxxer.hikari.HikariDataSource       : HikariPool-1 - Starting...
2019-09-05 14:41:29.423  INFO 23284 --- [http-nio-8080-exec-1] com.zaxxer.hikari.HikariDataSource       : HikariPool-1 - Start completed.
2019-09-05 14:41:30.132  WARN 23284 --- [http-nio-8080-exec-1] o.a.c.util.SessionIdGeneratorBase        : Creation of SecureRandom instance for session ID generation using [SHA1PRNG] took [675] milliseconds.
2019-09-05 16:11:54.371  INFO 19596 --- [restartedMain] com.example.demo.DemoApplication         : Starting DemoApplication on Meows with PID 19596 (D:\SpringDemo\target\classes started by Msile in D:\SpringDemo)
2019-09-05 16:11:54.374  INFO 19596 --- [restartedMain] com.example.demo.DemoApplication         : No active profile set, falling back to default profiles: default
2019-09-05 16:11:54.459  INFO 19596 --- [restartedMain] .e.DevToolsPropertyDefaultsPostProcessor : Devtools property defaults active! Set 'spring.devtools.add-properties' to 'false' to disable
2019-09-05 16:11:54.459  INFO 19596 --- [restartedMain] .e.DevToolsPropertyDefaultsPostProcessor : For additional web related logging consider setting the 'logging.level.web' property to 'DEBUG'
2019-09-05 16:11:56.309  INFO 19596 --- [restartedMain] o.s.b.w.embedded.tomcat.TomcatWebServer  : Tomcat initialized with port(s): 8080 (http)
2019-09-05 16:11:56.332  INFO 19596 --- [restartedMain] o.apache.catalina.core.StandardService   : Starting service [Tomcat]
2019-09-05 16:11:56.333  INFO 19596 --- [restartedMain] org.apache.catalina.core.StandardEngine  : Starting Servlet engine: [Apache Tomcat/9.0.21]
2019-09-05 16:11:56.442  INFO 19596 --- [restartedMain] o.a.c.c.C.[Tomcat].[localhost].[/]       : Initializing Spring embedded WebApplicationContext
2019-09-05 16:11:56.442  INFO 19596 --- [restartedMain] o.s.web.context.ContextLoader            : Root WebApplicationContext: initialization completed in 1975 ms
2019-09-05 16:11:57.009  INFO 19596 --- [restartedMain] o.s.s.concurrent.ThreadPoolTaskExecutor  : Initializing ExecutorService 'applicationTaskExecutor'
2019-09-05 16:11:57.127  INFO 19596 --- [restartedMain] o.s.b.a.w.s.WelcomePageHandlerMapping    : Adding welcome page template: index
2019-09-05 16:11:57.377  INFO 19596 --- [restartedMain] o.s.b.d.a.OptionalLiveReloadServer       : LiveReload server is running on port 35729
2019-09-05 16:11:57.443  INFO 19596 --- [restartedMain] o.s.b.w.embedded.tomcat.TomcatWebServer  : Tomcat started on port(s): 8080 (http) with context path ''
2019-09-05 16:11:57.453  INFO 19596 --- [restartedMain] com.example.demo.DemoApplication         : Started DemoApplication in 3.559 seconds (JVM running for 5.147)
